<?xml version="1.0" encoding="UTF-8"?>
<testng-results ignored="0" total="2" passed="2" failed="0" skipped="0">
  <reporter-output>
  </reporter-output>
  <suite started-at="2023-10-09T00:22:59 IST" name="Default suite" finished-at="2023-10-09T00:23:52 IST" duration-ms="52527">
    <groups>
    </groups>
    <test started-at="2023-10-09T00:22:59 IST" name="Default test" finished-at="2023-10-09T00:23:52 IST" duration-ms="52527">
      <class name="seleniumtest1.Reviewpagetest">
        <test-method signature="open_url()[pri:0, instance:seleniumtest1.Reviewpagetest@48f2bd5b]" started-at="2023-10-09T00:22:59 IST" name="open_url" finished-at="2023-10-09T00:23:19 IST" duration-ms="20034" status="PASS">
          <reporter-output>
          </reporter-output>
        </test-method> <!-- open_url -->
        <test-method signature="openview_page()[pri:1, instance:seleniumtest1.Reviewpagetest@48f2bd5b]" started-at="2023-10-09T00:23:19 IST" name="openview_page" finished-at="2023-10-09T00:23:52 IST" duration-ms="32382" status="PASS">
          <reporter-output>
          </reporter-output>
        </test-method> <!-- openview_page -->
      </class> <!-- seleniumtest1.Reviewpagetest -->
    </test> <!-- Default test -->
  </suite> <!-- Default suite -->
</testng-results>
