<?xml version="1.0" encoding="UTF-8"?>
<!-- Generated by org.testng.reporters.JUnitXMLReporter -->
<testsuite ignored="0" hostname="DESKTOP-VGOI0H2" failures="0" tests="3" name="Default test" time="66.431" errors="0" timestamp="2023-10-16T19:10:50 IST">
  <testcase classname="seleniumtest1.Merchant1registrationpage" name="open_url" time="26.071"/>
  <testcase classname="seleniumtest1.Merchant1registrationpage" name="useraccount_1" time="23.757"/>
  <testcase classname="seleniumtest1.Merchant1registrationpage" name="useraccount_2" time="16.427"/>
</testsuite> <!-- Default test -->
