<?xml version="1.0" encoding="UTF-8"?>
<testng-results ignored="0" total="3" passed="3" failed="0" skipped="0">
  <reporter-output>
  </reporter-output>
  <suite started-at="2023-10-16T19:09:43 IST" name="Default suite" finished-at="2023-10-16T19:10:50 IST" duration-ms="66431">
    <groups>
    </groups>
    <test started-at="2023-10-16T19:09:43 IST" name="Default test" finished-at="2023-10-16T19:10:50 IST" duration-ms="66431">
      <class name="seleniumtest1.Merchant1registrationpage">
        <test-method signature="open_url()[pri:0, instance:seleniumtest1.Merchant1registrationpage@7b2bbc3]" started-at="2023-10-16T19:09:44 IST" name="open_url" finished-at="2023-10-16T19:10:10 IST" duration-ms="26071" status="PASS">
          <reporter-output>
          </reporter-output>
        </test-method> <!-- open_url -->
        <test-method signature="useraccount_1()[pri:1, instance:seleniumtest1.Merchant1registrationpage@7b2bbc3]" started-at="2023-10-16T19:10:10 IST" name="useraccount_1" finished-at="2023-10-16T19:10:33 IST" duration-ms="23757" status="PASS">
          <reporter-output>
          </reporter-output>
        </test-method> <!-- useraccount_1 -->
        <test-method signature="useraccount_2()[pri:2, instance:seleniumtest1.Merchant1registrationpage@7b2bbc3]" started-at="2023-10-16T19:10:33 IST" name="useraccount_2" finished-at="2023-10-16T19:10:50 IST" duration-ms="16427" status="PASS">
          <reporter-output>
          </reporter-output>
        </test-method> <!-- useraccount_2 -->
      </class> <!-- seleniumtest1.Merchant1registrationpage -->
    </test> <!-- Default test -->
  </suite> <!-- Default suite -->
</testng-results>
